--------------- Rebuild Started: 06/19/2018 14:58:21 Project: FreeRTOS-10-PSOC5, Configuration: ARM GCC 5.4-2016-q2-update Debug ---------------
Deleting file ".\CortexM3\ARM_GCC_541\Debug\croutine.o"
Deleting file ".\CortexM3\ARM_GCC_541\Debug\event_groups.o"
Deleting file ".\CortexM3\ARM_GCC_541\Debug\FreeRTOS_CLI.o"
Deleting file ".\CortexM3\ARM_GCC_541\Debug\heap_4.o"
Deleting file ".\CortexM3\ARM_GCC_541\Debug\list.o"
Deleting file ".\CortexM3\ARM_GCC_541\Debug\port.o"
Deleting file ".\CortexM3\ARM_GCC_541\Debug\queue.o"
Deleting file ".\CortexM3\ARM_GCC_541\Debug\stream_buffer.o"
Deleting file ".\CortexM3\ARM_GCC_541\Debug\tasks.o"
Deleting file ".\CortexM3\ARM_GCC_541\Debug\timers.o"
Deleting file ".\CortexM3\ARM_GCC_541\Debug\main.o"
Deleting file ".\CortexM3\ARM_GCC_541\Debug\RTOS_Start.o"
Deleting file ".\CortexM3\ARM_GCC_541\Debug\cyfitter_cfg.o"
Deleting file ".\CortexM3\ARM_GCC_541\Debug\cymetadata.o"
Deleting file ".\CortexM3\ARM_GCC_541\Debug\Cm3Start.o"
Deleting file ".\CortexM3\ARM_GCC_541\Debug\CyBootAsmGnu.o"
Deleting file ".\CortexM3\ARM_GCC_541\Debug\CyDmac.o"
Deleting file ".\CortexM3\ARM_GCC_541\Debug\CyFlash.o"
Deleting file ".\CortexM3\ARM_GCC_541\Debug\CyLib.o"
Deleting file ".\CortexM3\ARM_GCC_541\Debug\cyPm.o"
Deleting file ".\CortexM3\ARM_GCC_541\Debug\CySpc.o"
Deleting file ".\CortexM3\ARM_GCC_541\Debug\cyutils.o"
Deleting file ".\CortexM3\ARM_GCC_541\Debug\USBUART.o"
Deleting file ".\CortexM3\ARM_GCC_541\Debug\USBUART_audio.o"
Deleting file ".\CortexM3\ARM_GCC_541\Debug\USBUART_boot.o"
Deleting file ".\CortexM3\ARM_GCC_541\Debug\USBUART_cdc.o"
Deleting file ".\CortexM3\ARM_GCC_541\Debug\USBUART_cls.o"
Deleting file ".\CortexM3\ARM_GCC_541\Debug\USBUART_descr.o"
Deleting file ".\CortexM3\ARM_GCC_541\Debug\USBUART_drv.o"
Deleting file ".\CortexM3\ARM_GCC_541\Debug\USBUART_episr.o"
Deleting file ".\CortexM3\ARM_GCC_541\Debug\USBUART_hid.o"
Deleting file ".\CortexM3\ARM_GCC_541\Debug\USBUART_pm.o"
Deleting file ".\CortexM3\ARM_GCC_541\Debug\USBUART_std.o"
Deleting file ".\CortexM3\ARM_GCC_541\Debug\USBUART_vnd.o"
Deleting file ".\CortexM3\ARM_GCC_541\Debug\USBUART_midi.o"
Deleting file ".\CortexM3\ARM_GCC_541\Debug\USBUART_msc.o"
Deleting file ".\CortexM3\ARM_GCC_541\Debug\USBUART_Dm.o"
Deleting file ".\CortexM3\ARM_GCC_541\Debug\USBUART_Dp.o"
Deleting file ".\CortexM3\ARM_GCC_541\Debug\cy_em_eeprom.o"
Deleting file ".\CortexM3\ARM_GCC_541\Debug\CyOneKhz.o"
Deleting file ".\CortexM3\ARM_GCC_541\Debug\millis.o"
Deleting file ".\CortexM3\ARM_GCC_541\Debug\millis_PM.o"
Deleting file ".\CortexM3\ARM_GCC_541\Debug\Onboard_LED.o"
Deleting file ".\CortexM3\ARM_GCC_541\Debug\LED.o"
Deleting file ".\CortexM3\ARM_GCC_541\Debug\LED_PM.o"
Deleting file ".\CortexM3\ARM_GCC_541\Debug\FreeRTOS-10-PSOC5.hex"
Deleting file ".\CortexM3\ARM_GCC_541\Debug\FreeRTOS-10-PSOC5.elf"
Deleting file ".\CortexM3\ARM_GCC_541\Debug\FreeRTOS-10-PSOC5.map"
Deleting file ".\FreeRTOS-10-PSOC5.cycdx"
Deleting file ".\FreeRTOS-10-PSOC5.svd"
Deleting file ".\FreeRTOS-10-PSOC5.rpt"
Deleting file ".\FreeRTOS-10-PSOC5_timing.html"
Deleting file ".\CortexM3\ARM_GCC_541\Debug\.deps\SOURCE_C__ARM_GCC_GENERIC.P"
Deleting file ".\CortexM3\ARM_GCC_541\Debug\.deps\SOURCE_ASM__ARM_GCC_GENERIC.P"
cydsfit.exe -.appdatapath "C:\Users\mike\AppData\Local\Cypress Semiconductor\PSoC Creator\4.2" -.fdsnotice -.fdswarpdepfile=warp_dependencies.txt -.fdselabdepfile=elab_dependencies.txt -.fdsbldfile=generated_files.txt -.fdsreffile=referenced_files.txt -p D:\Projects\PSOC5-FreeRTOS\FreeRTOS-10-PSOC5.cydsn\FreeRTOS-10-PSOC5.cyprj -d CY8C5888LTI-LP097 -s D:\Projects\PSOC5-FreeRTOS\FreeRTOS-10-PSOC5.cydsn\Generated_Source\PSoC5 -- -yv2 -q10 -ygs -o2 -v3 -.fftcfgtype=LE
Elaborating Design...
HDL Generation...
Synthesis...
Tech Mapping...
ADD: pft.M0040: information: The following 2 pin(s) will be assigned a location by the fitter: \USBUART:Dm(0)\, \USBUART:Dp(0)\
Analog Placement...
Analog Routing...
Analog Code Generation...
Digital Placement...
Digital Routing...
Bitstream Generation...
Bitstream Verification...
Static timing analysis...
API Generation...
Dependency Generation...
Cleanup...
arm-none-eabi-gcc.exe -mcpu=cortex-m3 -mthumb -I.\FreeRTOS\include -I.\Source\Include -I. -IGenerated_Source\PSoC5 -Wa,-alh=.\CortexM3\ARM_GCC_541\Debug/croutine.lst -g -D DEBUG -D CY_CORE_ID=0 -Wall -ffunction-sections -ffat-lto-objects -Og -c FreeRTOS\croutine.c -o .\CortexM3\ARM_GCC_541\Debug\croutine.o
arm-none-eabi-gcc.exe -mcpu=cortex-m3 -mthumb -I.\FreeRTOS\include -I.\Source\Include -I. -IGenerated_Source\PSoC5 -Wa,-alh=.\CortexM3\ARM_GCC_541\Debug/event_groups.lst -g -D DEBUG -D CY_CORE_ID=0 -Wall -ffunction-sections -ffat-lto-objects -Og -c FreeRTOS\event_groups.c -o .\CortexM3\ARM_GCC_541\Debug\event_groups.o
arm-none-eabi-gcc.exe -mcpu=cortex-m3 -mthumb -I.\FreeRTOS\include -I.\Source\Include -I. -IGenerated_Source\PSoC5 -Wa,-alh=.\CortexM3\ARM_GCC_541\Debug/FreeRTOS_CLI.lst -g -D DEBUG -D CY_CORE_ID=0 -Wall -ffunction-sections -ffat-lto-objects -Og -c FreeRTOS\FreeRTOS_CLI.c -o .\CortexM3\ARM_GCC_541\Debug\FreeRTOS_CLI.o
arm-none-eabi-gcc.exe -mcpu=cortex-m3 -mthumb -I.\FreeRTOS\include -I.\Source\Include -I. -IGenerated_Source\PSoC5 -Wa,-alh=.\CortexM3\ARM_GCC_541\Debug/heap_4.lst -g -D DEBUG -D CY_CORE_ID=0 -Wall -ffunction-sections -ffat-lto-objects -Og -c FreeRTOS\heap_4.c -o .\CortexM3\ARM_GCC_541\Debug\heap_4.o
arm-none-eabi-gcc.exe -mcpu=cortex-m3 -mthumb -I.\FreeRTOS\include -I.\Source\Include -I. -IGenerated_Source\PSoC5 -Wa,-alh=.\CortexM3\ARM_GCC_541\Debug/list.lst -g -D DEBUG -D CY_CORE_ID=0 -Wall -ffunction-sections -ffat-lto-objects -Og -c FreeRTOS\list.c -o .\CortexM3\ARM_GCC_541\Debug\list.o
arm-none-eabi-gcc.exe -mcpu=cortex-m3 -mthumb -I.\FreeRTOS\include -I.\Source\Include -I. -IGenerated_Source\PSoC5 -Wa,-alh=.\CortexM3\ARM_GCC_541\Debug/port.lst -g -D DEBUG -D CY_CORE_ID=0 -Wall -ffunction-sections -ffat-lto-objects -Og -c FreeRTOS\port.c -o .\CortexM3\ARM_GCC_541\Debug\port.o
arm-none-eabi-gcc.exe -mcpu=cortex-m3 -mthumb -I.\FreeRTOS\include -I.\Source\Include -I. -IGenerated_Source\PSoC5 -Wa,-alh=.\CortexM3\ARM_GCC_541\Debug/queue.lst -g -D DEBUG -D CY_CORE_ID=0 -Wall -ffunction-sections -ffat-lto-objects -Og -c FreeRTOS\queue.c -o .\CortexM3\ARM_GCC_541\Debug\queue.o
arm-none-eabi-gcc.exe -mcpu=cortex-m3 -mthumb -I.\FreeRTOS\include -I.\Source\Include -I. -IGenerated_Source\PSoC5 -Wa,-alh=.\CortexM3\ARM_GCC_541\Debug/stream_buffer.lst -g -D DEBUG -D CY_CORE_ID=0 -Wall -ffunction-sections -ffat-lto-objects -Og -c FreeRTOS\stream_buffer.c -o .\CortexM3\ARM_GCC_541\Debug\stream_buffer.o
arm-none-eabi-gcc.exe -mcpu=cortex-m3 -mthumb -I.\FreeRTOS\include -I.\Source\Include -I. -IGenerated_Source\PSoC5 -Wa,-alh=.\CortexM3\ARM_GCC_541\Debug/tasks.lst -g -D DEBUG -D CY_CORE_ID=0 -Wall -ffunction-sections -ffat-lto-objects -Og -c FreeRTOS\tasks.c -o .\CortexM3\ARM_GCC_541\Debug\tasks.o
arm-none-eabi-gcc.exe -mcpu=cortex-m3 -mthumb -I.\FreeRTOS\include -I.\Source\Include -I. -IGenerated_Source\PSoC5 -Wa,-alh=.\CortexM3\ARM_GCC_541\Debug/timers.lst -g -D DEBUG -D CY_CORE_ID=0 -Wall -ffunction-sections -ffat-lto-objects -Og -c FreeRTOS\timers.c -o .\CortexM3\ARM_GCC_541\Debug\timers.o
arm-none-eabi-gcc.exe -mcpu=cortex-m3 -mthumb -I.\FreeRTOS\include -I.\Source\Include -I. -IGenerated_Source\PSoC5 -Wa,-alh=.\CortexM3\ARM_GCC_541\Debug/main.lst -g -D DEBUG -D CY_CORE_ID=0 -Wall -ffunction-sections -ffat-lto-objects -Og -c Source\main.c -o .\CortexM3\ARM_GCC_541\Debug\main.o
arm-none-eabi-gcc.exe -mcpu=cortex-m3 -mthumb -I.\FreeRTOS\include -I.\Source\Include -I. -IGenerated_Source\PSoC5 -Wa,-alh=.\CortexM3\ARM_GCC_541\Debug/RTOS_Start.lst -g -D DEBUG -D CY_CORE_ID=0 -Wall -ffunction-sections -ffat-lto-objects -Og -c Source\RTOS_Start.c -o .\CortexM3\ARM_GCC_541\Debug\RTOS_Start.o
arm-none-eabi-gcc.exe -mcpu=cortex-m3 -mthumb -I.\FreeRTOS\include -I.\Source\Include -I. -IGenerated_Source\PSoC5 -Wa,-alh=.\CortexM3\ARM_GCC_541\Debug/cyfitter_cfg.lst -g -D DEBUG -D CY_CORE_ID=0 -Wall -ffunction-sections -ffat-lto-objects -Og -c Generated_Source\PSoC5\cyfitter_cfg.c -o .\CortexM3\ARM_GCC_541\Debug\cyfitter_cfg.o
arm-none-eabi-gcc.exe -mcpu=cortex-m3 -mthumb -I.\FreeRTOS\include -I.\Source\Include -I. -IGenerated_Source\PSoC5 -Wa,-alh=.\CortexM3\ARM_GCC_541\Debug/cymetadata.lst -g -D DEBUG -D CY_CORE_ID=0 -Wall -ffunction-sections -ffat-lto-objects -Og -c Generated_Source\PSoC5\cymetadata.c -o .\CortexM3\ARM_GCC_541\Debug\cymetadata.o
arm-none-eabi-gcc.exe -mcpu=cortex-m3 -mthumb -I.\FreeRTOS\include -I.\Source\Include -I. -IGenerated_Source\PSoC5 -Wa,-alh=.\CortexM3\ARM_GCC_541\Debug/Cm3Start.lst -g -D DEBUG -D CY_CORE_ID=0 -Wall -ffunction-sections -ffat-lto-objects -Og -c Generated_Source\PSoC5\Cm3Start.c -o .\CortexM3\ARM_GCC_541\Debug\Cm3Start.o
arm-none-eabi-gcc.exe -mcpu=cortex-m3 -mthumb -I.\FreeRTOS\include -I.\Source\Include -I. -IGenerated_Source\PSoC5 -Wa,-alh=.\CortexM3\ARM_GCC_541\Debug/CyDmac.lst -g -D DEBUG -D CY_CORE_ID=0 -Wall -ffunction-sections -ffat-lto-objects -Og -c Generated_Source\PSoC5\CyDmac.c -o .\CortexM3\ARM_GCC_541\Debug\CyDmac.o
arm-none-eabi-gcc.exe -mcpu=cortex-m3 -mthumb -I.\FreeRTOS\include -I.\Source\Include -I. -IGenerated_Source\PSoC5 -Wa,-alh=.\CortexM3\ARM_GCC_541\Debug/CyFlash.lst -g -D DEBUG -D CY_CORE_ID=0 -Wall -ffunction-sections -ffat-lto-objects -Og -c Generated_Source\PSoC5\CyFlash.c -o .\CortexM3\ARM_GCC_541\Debug\CyFlash.o
arm-none-eabi-gcc.exe -mcpu=cortex-m3 -mthumb -I.\FreeRTOS\include -I.\Source\Include -I. -IGenerated_Source\PSoC5 -Wa,-alh=.\CortexM3\ARM_GCC_541\Debug/CyLib.lst -g -D DEBUG -D CY_CORE_ID=0 -Wall -ffunction-sections -ffat-lto-objects -Og -c Generated_Source\PSoC5\CyLib.c -o .\CortexM3\ARM_GCC_541\Debug\CyLib.o
arm-none-eabi-gcc.exe -mcpu=cortex-m3 -mthumb -I.\FreeRTOS\include -I.\Source\Include -I. -IGenerated_Source\PSoC5 -Wa,-alh=.\CortexM3\ARM_GCC_541\Debug/cyPm.lst -g -D DEBUG -D CY_CORE_ID=0 -Wall -ffunction-sections -ffat-lto-objects -Og -c Generated_Source\PSoC5\cyPm.c -o .\CortexM3\ARM_GCC_541\Debug\cyPm.o
arm-none-eabi-gcc.exe -mcpu=cortex-m3 -mthumb -I.\FreeRTOS\include -I.\Source\Include -I. -IGenerated_Source\PSoC5 -Wa,-alh=.\CortexM3\ARM_GCC_541\Debug/CySpc.lst -g -D DEBUG -D CY_CORE_ID=0 -Wall -ffunction-sections -ffat-lto-objects -Og -c Generated_Source\PSoC5\CySpc.c -o .\CortexM3\ARM_GCC_541\Debug\CySpc.o
arm-none-eabi-gcc.exe -mcpu=cortex-m3 -mthumb -I.\FreeRTOS\include -I.\Source\Include -I. -IGenerated_Source\PSoC5 -Wa,-alh=.\CortexM3\ARM_GCC_541\Debug/cyutils.lst -g -D DEBUG -D CY_CORE_ID=0 -Wall -ffunction-sections -ffat-lto-objects -Og -c Generated_Source\PSoC5\cyutils.c -o .\CortexM3\ARM_GCC_541\Debug\cyutils.o
arm-none-eabi-gcc.exe -mcpu=cortex-m3 -mthumb -I.\FreeRTOS\include -I.\Source\Include -I. -IGenerated_Source\PSoC5 -Wa,-alh=.\CortexM3\ARM_GCC_541\Debug/USBUART.lst -g -D DEBUG -D CY_CORE_ID=0 -Wall -ffunction-sections -ffat-lto-objects -Og -c Generated_Source\PSoC5\USBUART.c -o .\CortexM3\ARM_GCC_541\Debug\USBUART.o
arm-none-eabi-gcc.exe -mcpu=cortex-m3 -mthumb -I.\FreeRTOS\include -I.\Source\Include -I. -IGenerated_Source\PSoC5 -Wa,-alh=.\CortexM3\ARM_GCC_541\Debug/USBUART_audio.lst -g -D DEBUG -D CY_CORE_ID=0 -Wall -ffunction-sections -ffat-lto-objects -Og -c Generated_Source\PSoC5\USBUART_audio.c -o .\CortexM3\ARM_GCC_541\Debug\USBUART_audio.o
arm-none-eabi-gcc.exe -mcpu=cortex-m3 -mthumb -I.\FreeRTOS\include -I.\Source\Include -I. -IGenerated_Source\PSoC5 -Wa,-alh=.\CortexM3\ARM_GCC_541\Debug/USBUART_boot.lst -g -D DEBUG -D CY_CORE_ID=0 -Wall -ffunction-sections -ffat-lto-objects -Og -c Generated_Source\PSoC5\USBUART_boot.c -o .\CortexM3\ARM_GCC_541\Debug\USBUART_boot.o
arm-none-eabi-gcc.exe -mcpu=cortex-m3 -mthumb -I.\FreeRTOS\include -I.\Source\Include -I. -IGenerated_Source\PSoC5 -Wa,-alh=.\CortexM3\ARM_GCC_541\Debug/USBUART_cdc.lst -g -D DEBUG -D CY_CORE_ID=0 -Wall -ffunction-sections -ffat-lto-objects -Og -c Generated_Source\PSoC5\USBUART_cdc.c -o .\CortexM3\ARM_GCC_541\Debug\USBUART_cdc.o
arm-none-eabi-gcc.exe -mcpu=cortex-m3 -mthumb -I.\FreeRTOS\include -I.\Source\Include -I. -IGenerated_Source\PSoC5 -Wa,-alh=.\CortexM3\ARM_GCC_541\Debug/USBUART_cls.lst -g -D DEBUG -D CY_CORE_ID=0 -Wall -ffunction-sections -ffat-lto-objects -Og -c Generated_Source\PSoC5\USBUART_cls.c -o .\CortexM3\ARM_GCC_541\Debug\USBUART_cls.o
arm-none-eabi-gcc.exe -mcpu=cortex-m3 -mthumb -I.\FreeRTOS\include -I.\Source\Include -I. -IGenerated_Source\PSoC5 -Wa,-alh=.\CortexM3\ARM_GCC_541\Debug/USBUART_descr.lst -g -D DEBUG -D CY_CORE_ID=0 -Wall -ffunction-sections -ffat-lto-objects -Og -c Generated_Source\PSoC5\USBUART_descr.c -o .\CortexM3\ARM_GCC_541\Debug\USBUART_descr.o
arm-none-eabi-gcc.exe -mcpu=cortex-m3 -mthumb -I.\FreeRTOS\include -I.\Source\Include -I. -IGenerated_Source\PSoC5 -Wa,-alh=.\CortexM3\ARM_GCC_541\Debug/USBUART_drv.lst -g -D DEBUG -D CY_CORE_ID=0 -Wall -ffunction-sections -ffat-lto-objects -Og -c Generated_Source\PSoC5\USBUART_drv.c -o .\CortexM3\ARM_GCC_541\Debug\USBUART_drv.o
arm-none-eabi-gcc.exe -mcpu=cortex-m3 -mthumb -I.\FreeRTOS\include -I.\Source\Include -I. -IGenerated_Source\PSoC5 -Wa,-alh=.\CortexM3\ARM_GCC_541\Debug/USBUART_episr.lst -g -D DEBUG -D CY_CORE_ID=0 -Wall -ffunction-sections -ffat-lto-objects -Og -c Generated_Source\PSoC5\USBUART_episr.c -o .\CortexM3\ARM_GCC_541\Debug\USBUART_episr.o
arm-none-eabi-gcc.exe -mcpu=cortex-m3 -mthumb -I.\FreeRTOS\include -I.\Source\Include -I. -IGenerated_Source\PSoC5 -Wa,-alh=.\CortexM3\ARM_GCC_541\Debug/USBUART_hid.lst -g -D DEBUG -D CY_CORE_ID=0 -Wall -ffunction-sections -ffat-lto-objects -Og -c Generated_Source\PSoC5\USBUART_hid.c -o .\CortexM3\ARM_GCC_541\Debug\USBUART_hid.o
arm-none-eabi-gcc.exe -mcpu=cortex-m3 -mthumb -I.\FreeRTOS\include -I.\Source\Include -I. -IGenerated_Source\PSoC5 -Wa,-alh=.\CortexM3\ARM_GCC_541\Debug/USBUART_pm.lst -g -D DEBUG -D CY_CORE_ID=0 -Wall -ffunction-sections -ffat-lto-objects -Og -c Generated_Source\PSoC5\USBUART_pm.c -o .\CortexM3\ARM_GCC_541\Debug\USBUART_pm.o
arm-none-eabi-gcc.exe -mcpu=cortex-m3 -mthumb -I.\FreeRTOS\include -I.\Source\Include -I. -IGenerated_Source\PSoC5 -Wa,-alh=.\CortexM3\ARM_GCC_541\Debug/USBUART_std.lst -g -D DEBUG -D CY_CORE_ID=0 -Wall -ffunction-sections -ffat-lto-objects -Og -c Generated_Source\PSoC5\USBUART_std.c -o .\CortexM3\ARM_GCC_541\Debug\USBUART_std.o
arm-none-eabi-gcc.exe -mcpu=cortex-m3 -mthumb -I.\FreeRTOS\include -I.\Source\Include -I. -IGenerated_Source\PSoC5 -Wa,-alh=.\CortexM3\ARM_GCC_541\Debug/USBUART_vnd.lst -g -D DEBUG -D CY_CORE_ID=0 -Wall -ffunction-sections -ffat-lto-objects -Og -c Generated_Source\PSoC5\USBUART_vnd.c -o .\CortexM3\ARM_GCC_541\Debug\USBUART_vnd.o
arm-none-eabi-gcc.exe -mcpu=cortex-m3 -mthumb -I.\FreeRTOS\include -I.\Source\Include -I. -IGenerated_Source\PSoC5 -Wa,-alh=.\CortexM3\ARM_GCC_541\Debug/USBUART_midi.lst -g -D DEBUG -D CY_CORE_ID=0 -Wall -ffunction-sections -ffat-lto-objects -Og -c Generated_Source\PSoC5\USBUART_midi.c -o .\CortexM3\ARM_GCC_541\Debug\USBUART_midi.o
arm-none-eabi-gcc.exe -mcpu=cortex-m3 -mthumb -I.\FreeRTOS\include -I.\Source\Include -I. -IGenerated_Source\PSoC5 -Wa,-alh=.\CortexM3\ARM_GCC_541\Debug/USBUART_msc.lst -g -D DEBUG -D CY_CORE_ID=0 -Wall -ffunction-sections -ffat-lto-objects -Og -c Generated_Source\PSoC5\USBUART_msc.c -o .\CortexM3\ARM_GCC_541\Debug\USBUART_msc.o
arm-none-eabi-gcc.exe -mcpu=cortex-m3 -mthumb -I.\FreeRTOS\include -I.\Source\Include -I. -IGenerated_Source\PSoC5 -Wa,-alh=.\CortexM3\ARM_GCC_541\Debug/USBUART_Dm.lst -g -D DEBUG -D CY_CORE_ID=0 -Wall -ffunction-sections -ffat-lto-objects -Og -c Generated_Source\PSoC5\USBUART_Dm.c -o .\CortexM3\ARM_GCC_541\Debug\USBUART_Dm.o
arm-none-eabi-gcc.exe -mcpu=cortex-m3 -mthumb -I.\FreeRTOS\include -I.\Source\Include -I. -IGenerated_Source\PSoC5 -Wa,-alh=.\CortexM3\ARM_GCC_541\Debug/USBUART_Dp.lst -g -D DEBUG -D CY_CORE_ID=0 -Wall -ffunction-sections -ffat-lto-objects -Og -c Generated_Source\PSoC5\USBUART_Dp.c -o .\CortexM3\ARM_GCC_541\Debug\USBUART_Dp.o
arm-none-eabi-gcc.exe -mcpu=cortex-m3 -mthumb -I.\FreeRTOS\include -I.\Source\Include -I. -IGenerated_Source\PSoC5 -Wa,-alh=.\CortexM3\ARM_GCC_541\Debug/cy_em_eeprom.lst -g -D DEBUG -D CY_CORE_ID=0 -Wall -ffunction-sections -ffat-lto-objects -Og -c Generated_Source\PSoC5\cy_em_eeprom.c -o .\CortexM3\ARM_GCC_541\Debug\cy_em_eeprom.o
arm-none-eabi-gcc.exe -mcpu=cortex-m3 -mthumb -I.\FreeRTOS\include -I.\Source\Include -I. -IGenerated_Source\PSoC5 -Wa,-alh=.\CortexM3\ARM_GCC_541\Debug/CyOneKhz.lst -g -D DEBUG -D CY_CORE_ID=0 -Wall -ffunction-sections -ffat-lto-objects -Og -c Generated_Source\PSoC5\CyOneKhz.c -o .\CortexM3\ARM_GCC_541\Debug\CyOneKhz.o
arm-none-eabi-gcc.exe -mcpu=cortex-m3 -mthumb -I.\FreeRTOS\include -I.\Source\Include -I. -IGenerated_Source\PSoC5 -Wa,-alh=.\CortexM3\ARM_GCC_541\Debug/millis.lst -g -D DEBUG -D CY_CORE_ID=0 -Wall -ffunction-sections -ffat-lto-objects -Og -c Generated_Source\PSoC5\millis.c -o .\CortexM3\ARM_GCC_541\Debug\millis.o
arm-none-eabi-gcc.exe -mcpu=cortex-m3 -mthumb -I.\FreeRTOS\include -I.\Source\Include -I. -IGenerated_Source\PSoC5 -Wa,-alh=.\CortexM3\ARM_GCC_541\Debug/millis_PM.lst -g -D DEBUG -D CY_CORE_ID=0 -Wall -ffunction-sections -ffat-lto-objects -Og -c Generated_Source\PSoC5\millis_PM.c -o .\CortexM3\ARM_GCC_541\Debug\millis_PM.o
arm-none-eabi-gcc.exe -mcpu=cortex-m3 -mthumb -I.\FreeRTOS\include -I.\Source\Include -I. -IGenerated_Source\PSoC5 -Wa,-alh=.\CortexM3\ARM_GCC_541\Debug/Onboard_LED.lst -g -D DEBUG -D CY_CORE_ID=0 -Wall -ffunction-sections -ffat-lto-objects -Og -c Generated_Source\PSoC5\Onboard_LED.c -o .\CortexM3\ARM_GCC_541\Debug\Onboard_LED.o
arm-none-eabi-gcc.exe -mcpu=cortex-m3 -mthumb -I.\FreeRTOS\include -I.\Source\Include -I. -IGenerated_Source\PSoC5 -Wa,-alh=.\CortexM3\ARM_GCC_541\Debug/LED.lst -g -D DEBUG -D CY_CORE_ID=0 -Wall -ffunction-sections -ffat-lto-objects -Og -c Generated_Source\PSoC5\LED.c -o .\CortexM3\ARM_GCC_541\Debug\LED.o
arm-none-eabi-gcc.exe -mcpu=cortex-m3 -mthumb -I.\FreeRTOS\include -I.\Source\Include -I. -IGenerated_Source\PSoC5 -Wa,-alh=.\CortexM3\ARM_GCC_541\Debug/LED_PM.lst -g -D DEBUG -D CY_CORE_ID=0 -Wall -ffunction-sections -ffat-lto-objects -Og -c Generated_Source\PSoC5\LED_PM.c -o .\CortexM3\ARM_GCC_541\Debug\LED_PM.o
arm-none-eabi-as.exe -mcpu=cortex-m3 -mthumb -I. -IGenerated_Source\PSoC5 -alh=.\CortexM3\ARM_GCC_541\Debug/CyBootAsmGnu.lst -g -W -o .\CortexM3\ARM_GCC_541\Debug\CyBootAsmGnu.o Generated_Source\PSoC5\CyBootAsmGnu.s
arm-none-eabi-ar.exe -rs .\CortexM3\ARM_GCC_541\Debug\FreeRTOS-10-PSOC5.a .\CortexM3\ARM_GCC_541\Debug\CyDmac.o .\CortexM3\ARM_GCC_541\Debug\CyFlash.o .\CortexM3\ARM_GCC_541\Debug\CyLib.o .\CortexM3\ARM_GCC_541\Debug\cyPm.o .\CortexM3\ARM_GCC_541\Debug\CySpc.o .\CortexM3\ARM_GCC_541\Debug\cyutils.o .\CortexM3\ARM_GCC_541\Debug\USBUART.o .\CortexM3\ARM_GCC_541\Debug\USBUART_audio.o .\CortexM3\ARM_GCC_541\Debug\USBUART_boot.o .\CortexM3\ARM_GCC_541\Debug\USBUART_cdc.o .\CortexM3\ARM_GCC_541\Debug\USBUART_cls.o .\CortexM3\ARM_GCC_541\Debug\USBUART_descr.o .\CortexM3\ARM_GCC_541\Debug\USBUART_drv.o .\CortexM3\ARM_GCC_541\Debug\USBUART_episr.o .\CortexM3\ARM_GCC_541\Debug\USBUART_hid.o .\CortexM3\ARM_GCC_541\Debug\USBUART_pm.o .\CortexM3\ARM_GCC_541\Debug\USBUART_std.o .\CortexM3\ARM_GCC_541\Debug\USBUART_vnd.o .\CortexM3\ARM_GCC_541\Debug\USBUART_midi.o .\CortexM3\ARM_GCC_541\Debug\USBUART_msc.o .\CortexM3\ARM_GCC_541\Debug\USBUART_Dm.o .\CortexM3\ARM_GCC_541\Debug\USBUART_Dp.o .\CortexM3\ARM_GCC_541\Debug\cy_em_eeprom.o .\CortexM3\ARM_GCC_541\Debug\CyOneKhz.o .\CortexM3\ARM_GCC_541\Debug\millis.o .\CortexM3\ARM_GCC_541\Debug\millis_PM.o .\CortexM3\ARM_GCC_541\Debug\Onboard_LED.o .\CortexM3\ARM_GCC_541\Debug\LED.o .\CortexM3\ARM_GCC_541\Debug\LED_PM.o .\CortexM3\ARM_GCC_541\Debug\CyBootAsmGnu.o
arm-none-eabi-ar.exe: creating .\CortexM3\ARM_GCC_541\Debug\FreeRTOS-10-PSOC5.a
arm-none-eabi-gcc.exe -Wl,--start-group -o D:\Projects\PSOC5-FreeRTOS\FreeRTOS-10-PSOC5.cydsn\CortexM3\ARM_GCC_541\Debug\FreeRTOS-10-PSOC5.elf .\CortexM3\ARM_GCC_541\Debug\croutine.o .\CortexM3\ARM_GCC_541\Debug\event_groups.o .\CortexM3\ARM_GCC_541\Debug\FreeRTOS_CLI.o .\CortexM3\ARM_GCC_541\Debug\heap_4.o .\CortexM3\ARM_GCC_541\Debug\list.o .\CortexM3\ARM_GCC_541\Debug\port.o .\CortexM3\ARM_GCC_541\Debug\queue.o .\CortexM3\ARM_GCC_541\Debug\stream_buffer.o .\CortexM3\ARM_GCC_541\Debug\tasks.o .\CortexM3\ARM_GCC_541\Debug\timers.o .\CortexM3\ARM_GCC_541\Debug\main.o .\CortexM3\ARM_GCC_541\Debug\RTOS_Start.o .\CortexM3\ARM_GCC_541\Debug\cyfitter_cfg.o .\CortexM3\ARM_GCC_541\Debug\cymetadata.o .\CortexM3\ARM_GCC_541\Debug\Cm3Start.o .\CortexM3\ARM_GCC_541\Debug\FreeRTOS-10-PSOC5.a "C:\Program Files (x86)\Cypress\PSoC Creator\4.2\PSoC Creator\psoc\content\cycomponentlibrary\CyComponentLibrary.cylib\CortexM3\ARM_GCC_541\Debug\CyComponentLibrary.a" -mcpu=cortex-m3 -mthumb -L Generated_Source\PSoC5 -Wl,-Map,.\CortexM3\ARM_GCC_541\Debug/FreeRTOS-10-PSOC5.map -T Generated_Source\PSoC5\cm3gcc.ld -specs=nano.specs -Wl,--gc-sections -g -ffunction-sections -Og -ffat-lto-objects -Wl,--end-group
cyelftool.exe -C D:\Projects\PSOC5-FreeRTOS\FreeRTOS-10-PSOC5.cydsn\CortexM3\ARM_GCC_541\Debug\FreeRTOS-10-PSOC5.elf --flash_row_size 256 --flash_size 262144 --flash_offset 0x00000000
No ELF section .cychecksum found, creating one
Application checksum calculated and stored in ELF section .cychecksum
Checksum calculated and stored in ELF section .cymeta
cyelftool.exe -S D:\Projects\PSOC5-FreeRTOS\FreeRTOS-10-PSOC5.cydsn\CortexM3\ARM_GCC_541\Debug\FreeRTOS-10-PSOC5.elf
Flash used: 7566 of 262144 bytes (2.9%).
SRAM used: 13185 of 65536 bytes (20.1%). Stack: 2048 bytes. Heap: 128 bytes.
--------------- Rebuild Succeeded: 06/19/2018 14:58:45 ---------------
